<?xml version="1.0" encoding="UTF-8"?>
<testsuite xmlns:xsi="http://www.w3.org/2001/XMLSchema-instance" xsi:noNamespaceSchemaLocation="https://maven.apache.org/surefire/maven-surefire-plugin/xsd/surefire-test-report.xsd" name="bgu.spl.mics.MessageBusImplTest" time="0.036" tests="7" errors="0" skipped="0" failures="2">
  <properties>
[...]
</properties>
  <testcase name="registerTest" classname="bgu.spl.mics.MessageBusImplTest" time="0"/>
  <testcase name="completeTest" classname="bgu.spl.mics.MessageBusImplTest" time="0.005">
    <failure message="expected: &lt;true&gt; but was: &lt;false&gt;" type="org.opentest4j.AssertionFailedError"><![CDATA[org.opentest4j.AssertionFailedError: expected: <true> but was: <false>
	at bgu.spl.mics.MessageBusImplTest.completeTest(MessageBusImplTest.java:50)
]]></failure>
  </testcase>
  <testcase name="sendBroadcastTest" classname="bgu.spl.mics.MessageBusImplTest" time="0.003"/>
  <testcase name="sendEventTest" classname="bgu.spl.mics.MessageBusImplTest" time="0.009"/>
  <testcase name="subscribeBroadcastTest" classname="bgu.spl.mics.MessageBusImplTest" time="0.001"/>
  <testcase name="awaitMessageTest" classname="bgu.spl.mics.MessageBusImplTest" time="0.001"/>
  <testcase name="subscribeEventTest" classname="bgu.spl.mics.MessageBusImplTest" time="0.011">
    <failure message="expected: &lt;bgu.spl.mics.application.messages.AttackEvent@569cfc36&gt; but was: &lt;bgu.spl.mics.application.services.HanSoloMicroservice@43bd930a&gt;" type="org.opentest4j.AssertionFailedError"><![CDATA[org.opentest4j.AssertionFailedError: expected: <bgu.spl.mics.application.messages.AttackEvent@569cfc36> but was: <bgu.spl.mics.application.services.HanSoloMicroservice@43bd930a>
	at bgu.spl.mics.MessageBusImplTest.subscribeEventTest(MessageBusImplTest.java:34)
]]></failure>
  </testcase>
</testsuite>